2023.04.22 20:15:41 INFO  Started: Metals version 0.11.12 in workspace 'D:\projects\monkaos-grub' for client Visual Studio Code 1.77.3.
Apr 22, 2023 8:15:41 PM org.flywaydb.core.internal.license.VersionPrinter printVersionOnly
INFO: Flyway Community Edition 9.16.3 by Redgate
Apr 22, 2023 8:15:41 PM org.flywaydb.core.internal.license.VersionPrinter printVersion
INFO: See release notes here: https://rd.gt/416ObMi
Apr 22, 2023 8:15:41 PM org.flywaydb.core.internal.license.VersionPrinter printVersion
INFO: 
Apr 22, 2023 8:15:41 PM org.flywaydb.core.internal.database.base.BaseDatabaseType createDatabase
INFO: Database: jdbc:h2:file:D:\projects\monkaos-grub\.metals\metals (H2 2.1)
Apr 22, 2023 8:15:41 PM org.flywaydb.core.internal.schemahistory.JdbcTableSchemaHistory allAppliedMigrations
INFO: Schema history table "PUBLIC"."flyway_schema_history" does not exist yet
Apr 22, 2023 8:15:41 PM org.flywaydb.core.internal.command.DbValidate validate
INFO: Successfully validated 4 migrations (execution time 00:00.020s)
Apr 22, 2023 8:15:41 PM org.flywaydb.core.internal.schemahistory.JdbcTableSchemaHistory create
INFO: Creating Schema History table "PUBLIC"."flyway_schema_history" ...
Apr 22, 2023 8:15:41 PM org.flywaydb.core.internal.command.DbMigrate migrateGroup
INFO: Current version of schema "PUBLIC": << Empty Schema >>
Apr 22, 2023 8:15:41 PM org.flywaydb.core.internal.command.DbMigrate doMigrateGroup
INFO: Migrating schema "PUBLIC" to version "1 - Create tables"
Apr 22, 2023 8:15:41 PM org.flywaydb.core.internal.command.DbMigrate doMigrateGroup
INFO: Migrating schema "PUBLIC" to version "2 - Server discovery"
Apr 22, 2023 8:15:41 PM org.flywaydb.core.internal.command.DbMigrate doMigrateGroup
INFO: Migrating schema "PUBLIC" to version "3 - Jar symbols"
Apr 22, 2023 8:15:41 PM org.flywaydb.core.internal.command.DbMigrate doMigrateGroup
INFO: Migrating schema "PUBLIC" to version "4 - Fingerprints"
Apr 22, 2023 8:15:41 PM org.flywaydb.core.internal.command.DbMigrate logSummary
INFO: Successfully applied 4 migrations to schema "PUBLIC", now at version v4 (execution time 00:00.055s)
2023.04.22 20:15:42 INFO  time: initialize in 0.68s
2023.04.22 20:15:43 WARN  Build server is not auto-connectable.
2023.04.22 20:15:43 WARN  no build tool detected in workspace 'D:\projects\monkaos-grub'. The most common cause for this problem is that the editor was opened in the wrong working directory, for example if you use sbt then the workspace directory should contain build.sbt. 
2023.04.22 20:16:00 INFO  Shutting down server
2023.04.22 20:16:00 INFO  shutting down Metals
2023.04.22 20:16:00 INFO  Exiting server
